<?xml version="1.0" encoding="UTF-8"?>
<!-- Generated by org.testng.reporters.JUnitReportReporter -->
<testsuite hostname="DESKTOP-AD0OTFU" failures="0" tests="1" name="com.client.SalesInventory.ManageUnit.ManageUnitTest" time="4.374" errors="0" timestamp="2025-10-23T17:43:17 IST" skipped="0">
  <testcase classname="com.client.SalesInventory.ManageUnit.ManageUnitTest" name="editUnit" time="4.374"/>
</testsuite> <!-- com.client.SalesInventory.ManageUnit.ManageUnitTest -->
