<?xml version="1.0" encoding="UTF-8"?>
<!-- Generated by org.testng.reporters.JUnitReportReporter -->
<testsuite hostname="DESKTOP-AD0OTFU" failures="0" tests="1" name="com.client.SalesInventory.ManageUnit.ManageUnitTest" time="4.215" errors="0" timestamp="2025-10-25T20:32:18 IST" skipped="0">
  <testcase classname="com.client.SalesInventory.ManageUnit.ManageUnitTest" name="logout" time="4.215"/>
</testsuite> <!-- com.client.SalesInventory.ManageUnit.ManageUnitTest -->
